
*** Running vivado
    with args -log system_rom_sys_0_0.vds -m64 -product Vivado -mode batch -messageDb vivado.pb -notrace -source system_rom_sys_0_0.tcl


****** Vivado v2022.2 (64-bit)
  **** SW Build 3671981 on Fri Oct 14 04:59:54 MDT 2022
  **** IP Build 3669848 on Fri Oct 14 08:30:02 MDT 2022
    ** Copyright 1986-2022 Xilinx, Inc. All Rights Reserved.

source system_rom_sys_0_0.tcl -notrace
INFO: [IP_Flow 19-234] Refreshing IP repositories
INFO: [IP_Flow 19-1700] Loaded user IP repository '/home/lc35648/hdl/library'.
INFO: [IP_Flow 19-2313] Loaded Vivado IP repository '/tools/Xilinx/Vivado/2022.2/data/ip'.
INFO: [IP_Flow 19-6924] IPCACHE: Running cache check for IP inst: system_rom_sys_0_0
Command: synth_design -top system_rom_sys_0_0 -part xc7z020clg484-1 -incremental_mode off -mode out_of_context
Starting synth_design
Attempting to get a license for feature 'Synthesis' and/or device 'xc7z020'
INFO: [Common 17-349] Got license for feature 'Synthesis' and/or device 'xc7z020'
INFO: [Device 21-403] Loading part xc7z020clg484-1
INFO: [Synth 8-7079] Multithreading enabled for synth_design using a maximum of 4 processes.
INFO: [Synth 8-7078] Launching helper process for spawning children vivado processes
INFO: [Synth 8-7075] Helper process launched with PID 9929
INFO: [Synth 8-11241] undeclared symbol 'REGCCE', assumed default net type 'wire' [/tools/Xilinx/Vivado/2022.2/data/verilog/src/unimacro/BRAM_SINGLE_MACRO.v:2170]
---------------------------------------------------------------------------------
Starting RTL Elaboration : Time (s): cpu = 00:00:02 ; elapsed = 00:00:03 . Memory (MB): peak = 2451.574 ; gain = 371.770 ; free physical = 389 ; free virtual = 3077
Synthesis current peak Physical Memory [PSS] (MB): peak = 1780.867; parent = 1565.900; children = 214.967
Synthesis current peak Virtual Memory [VSS] (MB): peak = 3417.301; parent = 2457.516; children = 959.785
---------------------------------------------------------------------------------
INFO: [Synth 8-6157] synthesizing module 'system_rom_sys_0_0' [/home/lc35648/hdl/projects/fmcomms2/zed/fmcomms2_zed.gen/sources_1/bd/system/ip/system_rom_sys_0_0/synth/system_rom_sys_0_0.v:53]
INFO: [Synth 8-6157] synthesizing module 'sysid_rom' [/home/lc35648/hdl/projects/fmcomms2/zed/fmcomms2_zed.gen/sources_1/bd/system/ipshared/c899/sysid_rom.v:37]
INFO: [Synth 8-3876] $readmem data file '/home/lc35648/hdl/projects/fmcomms2/zed/mem_init_sys.txt' is read successfully [/home/lc35648/hdl/projects/fmcomms2/zed/fmcomms2_zed.gen/sources_1/bd/system/ipshared/c899/sysid_rom.v:50]
INFO: [Synth 8-6155] done synthesizing module 'sysid_rom' (0#1) [/home/lc35648/hdl/projects/fmcomms2/zed/fmcomms2_zed.gen/sources_1/bd/system/ipshared/c899/sysid_rom.v:37]
INFO: [Synth 8-6155] done synthesizing module 'system_rom_sys_0_0' (0#1) [/home/lc35648/hdl/projects/fmcomms2/zed/fmcomms2_zed.gen/sources_1/bd/system/ip/system_rom_sys_0_0/synth/system_rom_sys_0_0.v:53]
---------------------------------------------------------------------------------
Finished RTL Elaboration : Time (s): cpu = 00:00:03 ; elapsed = 00:00:05 . Memory (MB): peak = 2531.480 ; gain = 451.676 ; free physical = 393 ; free virtual = 2950
Synthesis current peak Physical Memory [PSS] (MB): peak = 1780.867; parent = 1565.900; children = 214.967
Synthesis current peak Virtual Memory [VSS] (MB): peak = 3551.754; parent = 2531.484; children = 1020.270
---------------------------------------------------------------------------------
---------------------------------------------------------------------------------
Start Handling Custom Attributes
---------------------------------------------------------------------------------
---------------------------------------------------------------------------------
Finished Handling Custom Attributes : Time (s): cpu = 00:00:03 ; elapsed = 00:00:05 . Memory (MB): peak = 2549.293 ; gain = 469.488 ; free physical = 393 ; free virtual = 2950
Synthesis current peak Physical Memory [PSS] (MB): peak = 1780.867; parent = 1565.900; children = 214.967
Synthesis current peak Virtual Memory [VSS] (MB): peak = 3569.566; parent = 2549.297; children = 1020.270
---------------------------------------------------------------------------------
---------------------------------------------------------------------------------
Finished RTL Optimization Phase 1 : Time (s): cpu = 00:00:03 ; elapsed = 00:00:05 . Memory (MB): peak = 2549.293 ; gain = 469.488 ; free physical = 393 ; free virtual = 2950
Synthesis current peak Physical Memory [PSS] (MB): peak = 1780.867; parent = 1565.900; children = 214.967
Synthesis current peak Virtual Memory [VSS] (MB): peak = 3569.566; parent = 2549.297; children = 1020.270
---------------------------------------------------------------------------------
Netlist sorting complete. Time (s): cpu = 00:00:00 ; elapsed = 00:00:00 . Memory (MB): peak = 2549.293 ; gain = 0.000 ; free physical = 390 ; free virtual = 2947
INFO: [Project 1-570] Preparing netlist for logic optimization

Processing XDC Constraints
Initializing timing engine
Completed Processing XDC Constraints

Netlist sorting complete. Time (s): cpu = 00:00:00 ; elapsed = 00:00:00 . Memory (MB): peak = 2659.027 ; gain = 0.000 ; free physical = 163 ; free virtual = 2668
INFO: [Project 1-111] Unisim Transformation Summary:
No Unisim elements were transformed.

Constraint Validation Runtime : Time (s): cpu = 00:00:00 ; elapsed = 00:00:00.09 . Memory (MB): peak = 2659.027 ; gain = 0.000 ; free physical = 243 ; free virtual = 2748
INFO: [Designutils 20-5008] Incremental synthesis strategy off
INFO: [Synth 8-11241] undeclared symbol 'REGCCE', assumed default net type 'wire' [/tools/Xilinx/Vivado/2022.2/data/verilog/src/unimacro/BRAM_SINGLE_MACRO.v:2170]
---------------------------------------------------------------------------------
Finished Constraint Validation : Time (s): cpu = 00:00:07 ; elapsed = 00:00:11 . Memory (MB): peak = 2659.027 ; gain = 579.223 ; free physical = 144 ; free virtual = 2482
Synthesis current peak Physical Memory [PSS] (MB): peak = 1780.867; parent = 1598.240; children = 214.967
Synthesis current peak Virtual Memory [VSS] (MB): peak = 3679.301; parent = 2659.031; children = 1020.270
---------------------------------------------------------------------------------
---------------------------------------------------------------------------------
Start Loading Part and Timing Information
---------------------------------------------------------------------------------
Loading part: xc7z020clg484-1
---------------------------------------------------------------------------------
Finished Loading Part and Timing Information : Time (s): cpu = 00:00:07 ; elapsed = 00:00:11 . Memory (MB): peak = 2659.027 ; gain = 579.223 ; free physical = 159 ; free virtual = 2508
Synthesis current peak Physical Memory [PSS] (MB): peak = 1780.867; parent = 1598.240; children = 214.967
Synthesis current peak Virtual Memory [VSS] (MB): peak = 3679.301; parent = 2659.031; children = 1020.270
---------------------------------------------------------------------------------
---------------------------------------------------------------------------------
Start Applying 'set_property' XDC Constraints
---------------------------------------------------------------------------------
---------------------------------------------------------------------------------
Finished applying 'set_property' XDC Constraints : Time (s): cpu = 00:00:07 ; elapsed = 00:00:11 . Memory (MB): peak = 2659.027 ; gain = 579.223 ; free physical = 125 ; free virtual = 2474
Synthesis current peak Physical Memory [PSS] (MB): peak = 1780.867; parent = 1598.240; children = 214.967
Synthesis current peak Virtual Memory [VSS] (MB): peak = 3679.301; parent = 2659.031; children = 1020.270
---------------------------------------------------------------------------------
---------------------------------------------------------------------------------
Finished RTL Optimization Phase 2 : Time (s): cpu = 00:00:07 ; elapsed = 00:00:11 . Memory (MB): peak = 2659.027 ; gain = 579.223 ; free physical = 162 ; free virtual = 2470
Synthesis current peak Physical Memory [PSS] (MB): peak = 1780.867; parent = 1598.240; children = 214.967
Synthesis current peak Virtual Memory [VSS] (MB): peak = 3679.301; parent = 2659.031; children = 1020.270
---------------------------------------------------------------------------------
---------------------------------------------------------------------------------
Start RTL Component Statistics 
---------------------------------------------------------------------------------
Detailed RTL Component Info : 
+---Registers : 
	               32 Bit    Registers := 1     
+---Muxes : 
	 513 Input   32 Bit        Muxes := 1     
---------------------------------------------------------------------------------
Finished RTL Component Statistics 
---------------------------------------------------------------------------------
---------------------------------------------------------------------------------
Start Part Resource Summary
---------------------------------------------------------------------------------
Part Resources:
DSPs: 220 (col length:60)
BRAMs: 280 (col length: RAMB18 60 RAMB36 30)
---------------------------------------------------------------------------------
Finished Part Resource Summary
---------------------------------------------------------------------------------
---------------------------------------------------------------------------------
Start Cross Boundary and Area Optimization
---------------------------------------------------------------------------------
WARNING: [Synth 8-7080] Parallel synthesis criteria is not met
---------------------------------------------------------------------------------
Finished Cross Boundary and Area Optimization : Time (s): cpu = 00:00:08 ; elapsed = 00:00:13 . Memory (MB): peak = 2659.027 ; gain = 579.223 ; free physical = 143 ; free virtual = 2421
Synthesis current peak Physical Memory [PSS] (MB): peak = 1780.867; parent = 1598.240; children = 214.967
Synthesis current peak Virtual Memory [VSS] (MB): peak = 3679.301; parent = 2659.031; children = 1020.270
---------------------------------------------------------------------------------
---------------------------------------------------------------------------------
Start Applying XDC Timing Constraints
---------------------------------------------------------------------------------
---------------------------------------------------------------------------------
Finished Applying XDC Timing Constraints : Time (s): cpu = 00:00:12 ; elapsed = 00:00:16 . Memory (MB): peak = 2659.027 ; gain = 579.223 ; free physical = 146 ; free virtual = 2384
Synthesis current peak Physical Memory [PSS] (MB): peak = 1793.812; parent = 1645.822; children = 214.967
Synthesis current peak Virtual Memory [VSS] (MB): peak = 3679.301; parent = 2659.031; children = 1020.270
---------------------------------------------------------------------------------
---------------------------------------------------------------------------------
Start Timing Optimization
---------------------------------------------------------------------------------
---------------------------------------------------------------------------------
Finished Timing Optimization : Time (s): cpu = 00:00:12 ; elapsed = 00:00:16 . Memory (MB): peak = 2659.027 ; gain = 579.223 ; free physical = 146 ; free virtual = 2385
Synthesis current peak Physical Memory [PSS] (MB): peak = 1793.812; parent = 1645.822; children = 214.967
Synthesis current peak Virtual Memory [VSS] (MB): peak = 3679.301; parent = 2659.031; children = 1020.270
---------------------------------------------------------------------------------
---------------------------------------------------------------------------------
Start Technology Mapping
---------------------------------------------------------------------------------
---------------------------------------------------------------------------------
Finished Technology Mapping : Time (s): cpu = 00:00:12 ; elapsed = 00:00:16 . Memory (MB): peak = 2659.027 ; gain = 579.223 ; free physical = 130 ; free virtual = 2376
Synthesis current peak Physical Memory [PSS] (MB): peak = 1794.116; parent = 1646.127; children = 214.967
Synthesis current peak Virtual Memory [VSS] (MB): peak = 3679.301; parent = 2659.031; children = 1020.270
---------------------------------------------------------------------------------
---------------------------------------------------------------------------------
Start IO Insertion
---------------------------------------------------------------------------------
---------------------------------------------------------------------------------
Start Flattening Before IO Insertion
---------------------------------------------------------------------------------
---------------------------------------------------------------------------------
Finished Flattening Before IO Insertion
---------------------------------------------------------------------------------
---------------------------------------------------------------------------------
Start Final Netlist Cleanup
---------------------------------------------------------------------------------
---------------------------------------------------------------------------------
Finished Final Netlist Cleanup
---------------------------------------------------------------------------------
---------------------------------------------------------------------------------
Finished IO Insertion : Time (s): cpu = 00:00:14 ; elapsed = 00:00:19 . Memory (MB): peak = 2659.027 ; gain = 579.223 ; free physical = 128 ; free virtual = 2324
Synthesis current peak Physical Memory [PSS] (MB): peak = 1794.116; parent = 1646.127; children = 214.967
Synthesis current peak Virtual Memory [VSS] (MB): peak = 3679.301; parent = 2659.031; children = 1020.270
---------------------------------------------------------------------------------
---------------------------------------------------------------------------------
Start Renaming Generated Instances
---------------------------------------------------------------------------------
---------------------------------------------------------------------------------
Finished Renaming Generated Instances : Time (s): cpu = 00:00:14 ; elapsed = 00:00:19 . Memory (MB): peak = 2659.027 ; gain = 579.223 ; free physical = 128 ; free virtual = 2324
Synthesis current peak Physical Memory [PSS] (MB): peak = 1794.116; parent = 1646.127; children = 214.967
Synthesis current peak Virtual Memory [VSS] (MB): peak = 3679.301; parent = 2659.031; children = 1020.270
---------------------------------------------------------------------------------
---------------------------------------------------------------------------------
Start Rebuilding User Hierarchy
---------------------------------------------------------------------------------
---------------------------------------------------------------------------------
Finished Rebuilding User Hierarchy : Time (s): cpu = 00:00:14 ; elapsed = 00:00:19 . Memory (MB): peak = 2659.027 ; gain = 579.223 ; free physical = 127 ; free virtual = 2324
Synthesis current peak Physical Memory [PSS] (MB): peak = 1794.116; parent = 1646.127; children = 214.967
Synthesis current peak Virtual Memory [VSS] (MB): peak = 3679.301; parent = 2659.031; children = 1020.270
---------------------------------------------------------------------------------
---------------------------------------------------------------------------------
Start Renaming Generated Ports
---------------------------------------------------------------------------------
---------------------------------------------------------------------------------
Finished Renaming Generated Ports : Time (s): cpu = 00:00:14 ; elapsed = 00:00:19 . Memory (MB): peak = 2659.027 ; gain = 579.223 ; free physical = 119 ; free virtual = 2316
Synthesis current peak Physical Memory [PSS] (MB): peak = 1794.116; parent = 1646.127; children = 214.967
Synthesis current peak Virtual Memory [VSS] (MB): peak = 3679.301; parent = 2659.031; children = 1020.270
---------------------------------------------------------------------------------
---------------------------------------------------------------------------------
Start Handling Custom Attributes
---------------------------------------------------------------------------------
---------------------------------------------------------------------------------
Finished Handling Custom Attributes : Time (s): cpu = 00:00:14 ; elapsed = 00:00:19 . Memory (MB): peak = 2659.027 ; gain = 579.223 ; free physical = 139 ; free virtual = 2336
Synthesis current peak Physical Memory [PSS] (MB): peak = 1794.116; parent = 1646.127; children = 214.967
Synthesis current peak Virtual Memory [VSS] (MB): peak = 3679.301; parent = 2659.031; children = 1020.270
---------------------------------------------------------------------------------
---------------------------------------------------------------------------------
Start Renaming Generated Nets
---------------------------------------------------------------------------------
---------------------------------------------------------------------------------
Finished Renaming Generated Nets : Time (s): cpu = 00:00:14 ; elapsed = 00:00:19 . Memory (MB): peak = 2659.027 ; gain = 579.223 ; free physical = 171 ; free virtual = 2368
Synthesis current peak Physical Memory [PSS] (MB): peak = 1794.116; parent = 1646.127; children = 214.967
Synthesis current peak Virtual Memory [VSS] (MB): peak = 3679.301; parent = 2659.031; children = 1020.270
---------------------------------------------------------------------------------
---------------------------------------------------------------------------------
Start Writing Synthesis Report
---------------------------------------------------------------------------------

Report BlackBoxes: 
+-+--------------+----------+
| |BlackBox name |Instances |
+-+--------------+----------+
+-+--------------+----------+

Report Cell Usage: 
+------+-----+------+
|      |Cell |Count |
+------+-----+------+
|1     |LUT3 |     5|
|2     |LUT4 |     1|
|3     |LUT5 |    25|
|4     |LUT6 |    36|
|5     |FDRE |    30|
+------+-----+------+
---------------------------------------------------------------------------------
Finished Writing Synthesis Report : Time (s): cpu = 00:00:14 ; elapsed = 00:00:19 . Memory (MB): peak = 2659.027 ; gain = 579.223 ; free physical = 194 ; free virtual = 2391
Synthesis current peak Physical Memory [PSS] (MB): peak = 1794.116; parent = 1646.127; children = 214.967
Synthesis current peak Virtual Memory [VSS] (MB): peak = 3679.301; parent = 2659.031; children = 1020.270
---------------------------------------------------------------------------------
Synthesis finished with 0 errors, 0 critical warnings and 1 warnings.
Synthesis Optimization Runtime : Time (s): cpu = 00:00:13 ; elapsed = 00:00:17 . Memory (MB): peak = 2659.027 ; gain = 469.488 ; free physical = 270 ; free virtual = 2469
Synthesis Optimization Complete : Time (s): cpu = 00:00:14 ; elapsed = 00:00:19 . Memory (MB): peak = 2659.035 ; gain = 579.223 ; free physical = 271 ; free virtual = 2473
INFO: [Project 1-571] Translating synthesized netlist
Netlist sorting complete. Time (s): cpu = 00:00:00 ; elapsed = 00:00:00 . Memory (MB): peak = 2659.035 ; gain = 0.000 ; free physical = 262 ; free virtual = 2468
INFO: [Project 1-570] Preparing netlist for logic optimization
INFO: [Opt 31-138] Pushed 0 inverter(s) to 0 load pin(s).
Netlist sorting complete. Time (s): cpu = 00:00:00 ; elapsed = 00:00:00 . Memory (MB): peak = 2659.035 ; gain = 0.000 ; free physical = 1402 ; free virtual = 3676
INFO: [Project 1-111] Unisim Transformation Summary:
No Unisim elements were transformed.

Synth Design complete, checksum: 8d33653e
INFO: [Common 17-83] Releasing license: Synthesis
24 Infos, 1 Warnings, 0 Critical Warnings and 0 Errors encountered.
synth_design completed successfully
synth_design: Time (s): cpu = 00:00:19 ; elapsed = 00:00:23 . Memory (MB): peak = 2659.035 ; gain = 908.855 ; free physical = 1569 ; free virtual = 3843
INFO: [Common 17-1381] The checkpoint '/home/lc35648/hdl/projects/fmcomms2/zed/fmcomms2_zed.runs/system_rom_sys_0_0_synth_1/system_rom_sys_0_0.dcp' has been generated.
INFO: [Coretcl 2-1648] Added synthesis output to IP cache for IP system_rom_sys_0_0, cache-ID = 9829d8e856e66bde
INFO: [Common 17-1381] The checkpoint '/home/lc35648/hdl/projects/fmcomms2/zed/fmcomms2_zed.runs/system_rom_sys_0_0_synth_1/system_rom_sys_0_0.dcp' has been generated.
INFO: [runtcl-4] Executing : report_utilization -file system_rom_sys_0_0_utilization_synth.rpt -pb system_rom_sys_0_0_utilization_synth.pb
INFO: [Common 17-206] Exiting Vivado at Wed May 28 13:59:11 2025...
