Copyright 1986-2022 Xilinx, Inc. All Rights Reserved.
----------------------------------------------------------------------------------------------------------------------------------------------------
| Tool Version     : Vivado v.2022.2 (lin64) Build 3671981 Fri Oct 14 04:59:54 MDT 2022
| Date             : Wed May 28 14:25:38 2025
| Host             : lc35648-VirtualBox running 64-bit Ubuntu 24.04.2 LTS
| Command          : report_power -file system_top_power_routed.rpt -pb system_top_power_summary_routed.pb -rpx system_top_power_routed.rpx
| Design           : system_top
| Device           : xc7z020clg484-1
| Design State     : routed
| Grade            : commercial
| Process          : typical
| Characterization : Production
----------------------------------------------------------------------------------------------------------------------------------------------------

Power Report

Table of Contents
-----------------
1. Summary
1.1 On-Chip Components
1.2 Power Supply Summary
1.3 Confidence Level
2. Settings
2.1 Environment
2.2 Clock Constraints
3. Detailed Reports
3.1 By Hierarchy

1. Summary
----------

+--------------------------+--------------+
| Total On-Chip Power (W)  | 3.048        |
| Design Power Budget (W)  | Unspecified* |
| Power Budget Margin (W)  | NA           |
| Dynamic (W)              | 2.853        |
| Device Static (W)        | 0.195        |
| Effective TJA (C/W)      | 11.5         |
| Max Ambient (C)          | 49.8         |
| Junction Temperature (C) | 60.2         |
| Confidence Level         | Low          |
| Setting File             | ---          |
| Simulation Activity File | ---          |
| Design Nets Matched      | NA           |
+--------------------------+--------------+
* Specify Design Power Budget using, set_operating_conditions -design_power_budget <value in Watts>


1.1 On-Chip Components
----------------------

+--------------------------+-----------+----------+-----------+-----------------+
| On-Chip                  | Power (W) | Used     | Available | Utilization (%) |
+--------------------------+-----------+----------+-----------+-----------------+
| Clocks                   |     0.155 |       13 |       --- |             --- |
| Slice Logic              |     0.170 |    40986 |       --- |             --- |
|   LUT as Logic           |     0.131 |    13570 |     53200 |           25.51 |
|   CARRY4                 |     0.020 |     1633 |     13300 |           12.28 |
|   Register               |     0.015 |    20594 |    106400 |           19.36 |
|   LUT as Shift Register  |     0.002 |      434 |     17400 |            2.49 |
|   LUT as Distributed RAM |     0.001 |      406 |     17400 |            2.33 |
|   F7/F8 Muxes            |    <0.001 |       36 |     53200 |            0.07 |
|   Others                 |     0.000 |     1281 |       --- |             --- |
| Signals                  |     0.192 |    29900 |       --- |             --- |
| Block RAM                |     0.017 |        6 |       140 |            4.29 |
| MMCM                     |     0.220 |        2 |         4 |           50.00 |
| DSPs                     |     0.072 |       37 |       220 |           16.82 |
| I/O                      |     0.486 |      124 |       200 |           62.00 |
| PS7                      |     1.542 |        1 |       --- |             --- |
| Static Power             |     0.195 |          |           |                 |
| Total                    |     3.048 |          |           |                 |
+--------------------------+-----------+----------+-----------+-----------------+


1.2 Power Supply Summary
------------------------

+-----------+-------------+-----------+-------------+------------+-------------+-------------+------------+
| Source    | Voltage (V) | Total (A) | Dynamic (A) | Static (A) | Powerup (A) | Budget (A)  | Margin (A) |
+-----------+-------------+-----------+-------------+------------+-------------+-------------+------------+
| Vccint    |       1.000 |     0.642 |       0.614 |      0.028 |       NA    | Unspecified | NA         |
| Vccaux    |       1.800 |     0.167 |       0.145 |      0.021 |       NA    | Unspecified | NA         |
| Vcco33    |       3.300 |     0.023 |       0.022 |      0.001 |       NA    | Unspecified | NA         |
| Vcco25    |       2.500 |     0.147 |       0.146 |      0.001 |       NA    | Unspecified | NA         |
| Vcco18    |       1.800 |     0.000 |       0.000 |      0.000 |       NA    | Unspecified | NA         |
| Vcco15    |       1.500 |     0.000 |       0.000 |      0.000 |       NA    | Unspecified | NA         |
| Vcco135   |       1.350 |     0.000 |       0.000 |      0.000 |       NA    | Unspecified | NA         |
| Vcco12    |       1.200 |     0.000 |       0.000 |      0.000 |       NA    | Unspecified | NA         |
| Vccaux_io |       1.800 |     0.000 |       0.000 |      0.000 |       NA    | Unspecified | NA         |
| Vccbram   |       1.000 |     0.003 |       0.001 |      0.002 |       NA    | Unspecified | NA         |
| MGTAVcc   |       1.000 |     0.000 |       0.000 |      0.000 |       NA    | Unspecified | NA         |
| MGTAVtt   |       1.200 |     0.000 |       0.000 |      0.000 |       NA    | Unspecified | NA         |
| MGTVccaux |       1.800 |     0.000 |       0.000 |      0.000 |       NA    | Unspecified | NA         |
| Vccpint   |       1.000 |     0.782 |       0.731 |      0.051 |       NA    | Unspecified | NA         |
| Vccpaux   |       1.800 |     0.061 |       0.051 |      0.010 |       NA    | Unspecified | NA         |
| Vccpll    |       1.800 |     0.017 |       0.014 |      0.003 |       NA    | Unspecified | NA         |
| Vcco_ddr  |       1.500 |     0.459 |       0.457 |      0.002 |       NA    | Unspecified | NA         |
| Vcco_mio0 |       3.300 |     0.003 |       0.002 |      0.001 |       NA    | Unspecified | NA         |
| Vcco_mio1 |       1.800 |     0.003 |       0.002 |      0.001 |       NA    | Unspecified | NA         |
| Vccadc    |       1.800 |     0.020 |       0.000 |      0.020 |       NA    | Unspecified | NA         |
+-----------+-------------+-----------+-------------+------------+-------------+-------------+------------+


1.3 Confidence Level
--------------------

+-----------------------------+------------+--------------------------------------------------------+------------------------------------------------------------------------------------------------------------+
| User Input Data             | Confidence | Details                                                | Action                                                                                                     |
+-----------------------------+------------+--------------------------------------------------------+------------------------------------------------------------------------------------------------------------+
| Design implementation state | High       | Design is routed                                       |                                                                                                            |
| Clock nodes activity        | High       | User specified more than 95% of clocks                 |                                                                                                            |
| I/O nodes activity          | Low        | More than 75% of inputs are missing user specification | Provide missing input activity with simulation results or by editing the "By Resource Type -> I/Os" view   |
| Internal nodes activity     | Medium     | User specified less than 25% of internal nodes         | Provide missing internal nodes activity with simulation results or by editing the "By Resource Type" views |
| Device models               | High       | Device models are Production                           |                                                                                                            |
|                             |            |                                                        |                                                                                                            |
| Overall confidence level    | Low        |                                                        |                                                                                                            |
+-----------------------------+------------+--------------------------------------------------------+------------------------------------------------------------------------------------------------------------+


2. Settings
-----------

2.1 Environment
---------------

+-----------------------+------------------------+
| Ambient Temp (C)      | 25.0                   |
| ThetaJA (C/W)         | 11.5                   |
| Airflow (LFM)         | 250                    |
| Heat Sink             | none                   |
| ThetaSA (C/W)         | 0.0                    |
| Board Selection       | medium (10"x10")       |
| # of Board Layers     | 8to11 (8 to 11 Layers) |
| Board Temperature (C) | 25.0                   |
+-----------------------+------------------------+


2.2 Clock Constraints
---------------------

+------------------------------------+------------------------------------------------------------------------------------+-----------------+
| Clock                              | Domain                                                                             | Constraint (ns) |
+------------------------------------+------------------------------------------------------------------------------------+-----------------+
| clk_div_sel_0_s                    | i_system_wrapper/system_i/util_ad9361_divclk/inst/clk_div_sel_0_s                  |            16.0 |
| clk_div_sel_1_s                    | i_system_wrapper/system_i/util_ad9361_divclk/inst/clk_div_sel_1_s                  |             8.0 |
| clk_fpga_0                         | i_system_wrapper/system_i/sys_ps7/inst/FCLK_CLK_unbuffered[0]                      |            10.0 |
| clk_fpga_1                         | i_system_wrapper/system_i/sys_ps7/inst/FCLK_CLK_unbuffered[1]                      |             5.0 |
| clk_out1_system_sys_audio_clkgen_0 | i_system_wrapper/system_i/sys_audio_clkgen/inst/clk_out1_system_sys_audio_clkgen_0 |            81.4 |
| clkfbout_system_sys_audio_clkgen_0 | i_system_wrapper/system_i/sys_audio_clkgen/inst/clkfbout_system_sys_audio_clkgen_0 |            45.0 |
| mmcm_clk_0_s                       | i_system_wrapper/system_i/axi_hdmi_clkgen/inst/i_mmcm_drp/mmcm_clk_0_s             |             6.7 |
| mmcm_fb_clk_s                      | i_system_wrapper/system_i/axi_hdmi_clkgen/inst/i_mmcm_drp/mmcm_fb_clk_s            |            55.0 |
| rx_clk                             | rx_clk_in_p                                                                        |             4.0 |
| spi0_clk                           | i_system_wrapper/system_i/sys_ps7/inst/SPI0_SCLK_O                                 |            40.0 |
| spi1_clk                           | i_system_wrapper/system_i/sys_ps7/inst/SPI1_SCLK_O                                 |            40.0 |
+------------------------------------+------------------------------------------------------------------------------------+-----------------+


3. Detailed Reports
-------------------

3.1 By Hierarchy
----------------

+-----------------------------+-----------+
| Name                        | Power (W) |
+-----------------------------+-----------+
| system_top                  |     2.853 |
|   gpio_bd_IOBUF[0]_inst     |     0.001 |
|   gpio_bd_IOBUF[10]_inst    |     0.002 |
|   gpio_bd_IOBUF[11]_inst    |     0.001 |
|   gpio_bd_IOBUF[12]_inst    |     0.001 |
|   gpio_bd_IOBUF[13]_inst    |     0.001 |
|   gpio_bd_IOBUF[14]_inst    |     0.001 |
|   gpio_bd_IOBUF[15]_inst    |     0.001 |
|   gpio_bd_IOBUF[16]_inst    |     0.001 |
|   gpio_bd_IOBUF[17]_inst    |     0.001 |
|   gpio_bd_IOBUF[18]_inst    |     0.001 |
|   gpio_bd_IOBUF[19]_inst    |     0.002 |
|   gpio_bd_IOBUF[1]_inst     |     0.001 |
|   gpio_bd_IOBUF[20]_inst    |     0.002 |
|   gpio_bd_IOBUF[21]_inst    |     0.002 |
|   gpio_bd_IOBUF[22]_inst    |     0.002 |
|   gpio_bd_IOBUF[23]_inst    |     0.002 |
|   gpio_bd_IOBUF[24]_inst    |     0.002 |
|   gpio_bd_IOBUF[25]_inst    |     0.002 |
|   gpio_bd_IOBUF[26]_inst    |     0.002 |
|   gpio_bd_IOBUF[27]_inst    |     0.001 |
|   gpio_bd_IOBUF[28]_inst    |     0.001 |
|   gpio_bd_IOBUF[29]_inst    |     0.001 |
|   gpio_bd_IOBUF[2]_inst     |     0.001 |
|   gpio_bd_IOBUF[30]_inst    |     0.001 |
|   gpio_bd_IOBUF[31]_inst    |     0.001 |
|   gpio_bd_IOBUF[3]_inst     |     0.001 |
|   gpio_bd_IOBUF[4]_inst     |     0.001 |
|   gpio_bd_IOBUF[5]_inst     |     0.002 |
|   gpio_bd_IOBUF[6]_inst     |     0.002 |
|   gpio_bd_IOBUF[7]_inst     |     0.002 |
|   gpio_bd_IOBUF[8]_inst     |     0.002 |
|   gpio_bd_IOBUF[9]_inst     |     0.002 |
|   gpio_ctl_IOBUF[0]_inst    |     0.001 |
|   gpio_ctl_IOBUF[1]_inst    |     0.001 |
|   gpio_ctl_IOBUF[2]_inst    |     0.001 |
|   gpio_ctl_IOBUF[3]_inst    |     0.001 |
|   gpio_en_agc_IOBUF_inst    |     0.001 |
|   gpio_muxout_rx_IOBUF_inst |     0.002 |
|   gpio_muxout_tx_IOBUF_inst |     0.002 |
|   gpio_resetb_IOBUF_inst    |     0.001 |
|   gpio_status_IOBUF[0]_inst |     0.001 |
|   gpio_status_IOBUF[1]_inst |     0.001 |
|   gpio_status_IOBUF[2]_inst |     0.001 |
|   gpio_status_IOBUF[3]_inst |     0.001 |
|   gpio_status_IOBUF[4]_inst |     0.001 |
|   gpio_status_IOBUF[5]_inst |     0.001 |
|   gpio_status_IOBUF[6]_inst |     0.001 |
|   gpio_status_IOBUF[7]_inst |     0.001 |
|   gpio_sync_IOBUF_inst      |     0.001 |
|   i_system_wrapper          |     2.734 |
|     system_i                |     2.734 |
|       axi_ad9361            |     0.856 |
|       axi_ad9361_adc_dma    |     0.007 |
|       axi_ad9361_dac_dma    |     0.007 |
|       axi_ad9361_dac_fifo   |     0.002 |
|       axi_cpu_interconnect  |     0.005 |
|       axi_hdmi_clkgen       |     0.101 |
|       axi_hdmi_core         |     0.030 |
|       axi_hdmi_dma          |     0.009 |
|       axi_hp0_interconnect  |     0.010 |
|       axi_hp1_interconnect  |     0.010 |
|       axi_hp2_interconnect  |     0.010 |
|       axi_i2s_adi           |     0.002 |
|       axi_iic_fmc           |     0.002 |
|       axi_iic_main          |     0.002 |
|       axi_sysid_0           |     0.001 |
|       sys_audio_clkgen      |     0.120 |
|       sys_ps7               |     1.548 |
|       util_ad9361_adc_fifo  |     0.006 |
|       util_ad9361_adc_pack  |     0.003 |
|       util_ad9361_dac_upack |     0.001 |
+-----------------------------+-----------+


