
*** Running vivado
    with args -log system_axi_ad9361_dac_fifo_0.vds -m64 -product Vivado -mode batch -messageDb vivado.pb -notrace -source system_axi_ad9361_dac_fifo_0.tcl


****** Vivado v2022.2 (64-bit)
  **** SW Build 3671981 on Fri Oct 14 04:59:54 MDT 2022
  **** IP Build 3669848 on Fri Oct 14 08:30:02 MDT 2022
    ** Copyright 1986-2022 Xilinx, Inc. All Rights Reserved.

source system_axi_ad9361_dac_fifo_0.tcl -notrace
INFO: [IP_Flow 19-234] Refreshing IP repositories
INFO: [IP_Flow 19-1700] Loaded user IP repository '/home/lc35648/hdl/library'.
INFO: [IP_Flow 19-2313] Loaded Vivado IP repository '/tools/Xilinx/Vivado/2022.2/data/ip'.
INFO: [IP_Flow 19-6924] IPCACHE: Running cache check for IP inst: system_axi_ad9361_dac_fifo_0
Command: synth_design -top system_axi_ad9361_dac_fifo_0 -part xc7z020clg484-1 -incremental_mode off -mode out_of_context
Starting synth_design
Attempting to get a license for feature 'Synthesis' and/or device 'xc7z020'
INFO: [Common 17-349] Got license for feature 'Synthesis' and/or device 'xc7z020'
INFO: [Device 21-403] Loading part xc7z020clg484-1
INFO: [Synth 8-7079] Multithreading enabled for synth_design using a maximum of 4 processes.
INFO: [Synth 8-7078] Launching helper process for spawning children vivado processes
INFO: [Synth 8-7075] Helper process launched with PID 13651
INFO: [Synth 8-11241] undeclared symbol 'REGCCE', assumed default net type 'wire' [/tools/Xilinx/Vivado/2022.2/data/verilog/src/unimacro/BRAM_SINGLE_MACRO.v:2170]
---------------------------------------------------------------------------------
Starting RTL Elaboration : Time (s): cpu = 00:00:02 ; elapsed = 00:00:04 . Memory (MB): peak = 2451.586 ; gain = 370.730 ; free physical = 965 ; free virtual = 3354
Synthesis current peak Physical Memory [PSS] (MB): peak = 1650.890; parent = 1570.025; children = 80.864
Synthesis current peak Virtual Memory [VSS] (MB): peak = 3213.078; parent = 2457.527; children = 755.551
---------------------------------------------------------------------------------
INFO: [Synth 8-6157] synthesizing module 'system_axi_ad9361_dac_fifo_0' [/home/lc35648/hdl/projects/fmcomms2/zed/fmcomms2_zed.gen/sources_1/bd/system/ip/system_axi_ad9361_dac_fifo_0/synth/system_axi_ad9361_dac_fifo_0.v:53]
INFO: [Synth 8-6157] synthesizing module 'util_rfifo' [/home/lc35648/hdl/projects/fmcomms2/zed/fmcomms2_zed.gen/sources_1/bd/system/ipshared/a07f/util_rfifo.v:38]
INFO: [Synth 8-6157] synthesizing module 'ad_mem' [/home/lc35648/hdl/projects/fmcomms2/zed/fmcomms2_zed.gen/sources_1/bd/system/ipshared/common/ad_mem.v:38]
INFO: [Synth 8-6155] done synthesizing module 'ad_mem' (0#1) [/home/lc35648/hdl/projects/fmcomms2/zed/fmcomms2_zed.gen/sources_1/bd/system/ipshared/common/ad_mem.v:38]
INFO: [Synth 8-6155] done synthesizing module 'util_rfifo' (0#1) [/home/lc35648/hdl/projects/fmcomms2/zed/fmcomms2_zed.gen/sources_1/bd/system/ipshared/a07f/util_rfifo.v:38]
INFO: [Synth 8-6155] done synthesizing module 'system_axi_ad9361_dac_fifo_0' (0#1) [/home/lc35648/hdl/projects/fmcomms2/zed/fmcomms2_zed.gen/sources_1/bd/system/ip/system_axi_ad9361_dac_fifo_0/synth/system_axi_ad9361_dac_fifo_0.v:53]
WARNING: [Synth 8-7129] Port din_valid_in_1 in module util_rfifo is either unconnected or has no load
WARNING: [Synth 8-7129] Port din_valid_in_2 in module util_rfifo is either unconnected or has no load
WARNING: [Synth 8-7129] Port din_valid_in_3 in module util_rfifo is either unconnected or has no load
WARNING: [Synth 8-7129] Port din_valid_in_4 in module util_rfifo is either unconnected or has no load
WARNING: [Synth 8-7129] Port din_data_4[15] in module util_rfifo is either unconnected or has no load
WARNING: [Synth 8-7129] Port din_data_4[14] in module util_rfifo is either unconnected or has no load
WARNING: [Synth 8-7129] Port din_data_4[13] in module util_rfifo is either unconnected or has no load
WARNING: [Synth 8-7129] Port din_data_4[12] in module util_rfifo is either unconnected or has no load
WARNING: [Synth 8-7129] Port din_data_4[11] in module util_rfifo is either unconnected or has no load
WARNING: [Synth 8-7129] Port din_data_4[10] in module util_rfifo is either unconnected or has no load
WARNING: [Synth 8-7129] Port din_data_4[9] in module util_rfifo is either unconnected or has no load
WARNING: [Synth 8-7129] Port din_data_4[8] in module util_rfifo is either unconnected or has no load
WARNING: [Synth 8-7129] Port din_data_4[7] in module util_rfifo is either unconnected or has no load
WARNING: [Synth 8-7129] Port din_data_4[6] in module util_rfifo is either unconnected or has no load
WARNING: [Synth 8-7129] Port din_data_4[5] in module util_rfifo is either unconnected or has no load
WARNING: [Synth 8-7129] Port din_data_4[4] in module util_rfifo is either unconnected or has no load
WARNING: [Synth 8-7129] Port din_data_4[3] in module util_rfifo is either unconnected or has no load
WARNING: [Synth 8-7129] Port din_data_4[2] in module util_rfifo is either unconnected or has no load
WARNING: [Synth 8-7129] Port din_data_4[1] in module util_rfifo is either unconnected or has no load
WARNING: [Synth 8-7129] Port din_data_4[0] in module util_rfifo is either unconnected or has no load
WARNING: [Synth 8-7129] Port din_valid_in_5 in module util_rfifo is either unconnected or has no load
WARNING: [Synth 8-7129] Port din_data_5[15] in module util_rfifo is either unconnected or has no load
WARNING: [Synth 8-7129] Port din_data_5[14] in module util_rfifo is either unconnected or has no load
WARNING: [Synth 8-7129] Port din_data_5[13] in module util_rfifo is either unconnected or has no load
WARNING: [Synth 8-7129] Port din_data_5[12] in module util_rfifo is either unconnected or has no load
WARNING: [Synth 8-7129] Port din_data_5[11] in module util_rfifo is either unconnected or has no load
WARNING: [Synth 8-7129] Port din_data_5[10] in module util_rfifo is either unconnected or has no load
WARNING: [Synth 8-7129] Port din_data_5[9] in module util_rfifo is either unconnected or has no load
WARNING: [Synth 8-7129] Port din_data_5[8] in module util_rfifo is either unconnected or has no load
WARNING: [Synth 8-7129] Port din_data_5[7] in module util_rfifo is either unconnected or has no load
WARNING: [Synth 8-7129] Port din_data_5[6] in module util_rfifo is either unconnected or has no load
WARNING: [Synth 8-7129] Port din_data_5[5] in module util_rfifo is either unconnected or has no load
WARNING: [Synth 8-7129] Port din_data_5[4] in module util_rfifo is either unconnected or has no load
WARNING: [Synth 8-7129] Port din_data_5[3] in module util_rfifo is either unconnected or has no load
WARNING: [Synth 8-7129] Port din_data_5[2] in module util_rfifo is either unconnected or has no load
WARNING: [Synth 8-7129] Port din_data_5[1] in module util_rfifo is either unconnected or has no load
WARNING: [Synth 8-7129] Port din_data_5[0] in module util_rfifo is either unconnected or has no load
WARNING: [Synth 8-7129] Port din_valid_in_6 in module util_rfifo is either unconnected or has no load
WARNING: [Synth 8-7129] Port din_data_6[15] in module util_rfifo is either unconnected or has no load
WARNING: [Synth 8-7129] Port din_data_6[14] in module util_rfifo is either unconnected or has no load
WARNING: [Synth 8-7129] Port din_data_6[13] in module util_rfifo is either unconnected or has no load
WARNING: [Synth 8-7129] Port din_data_6[12] in module util_rfifo is either unconnected or has no load
WARNING: [Synth 8-7129] Port din_data_6[11] in module util_rfifo is either unconnected or has no load
WARNING: [Synth 8-7129] Port din_data_6[10] in module util_rfifo is either unconnected or has no load
WARNING: [Synth 8-7129] Port din_data_6[9] in module util_rfifo is either unconnected or has no load
WARNING: [Synth 8-7129] Port din_data_6[8] in module util_rfifo is either unconnected or has no load
WARNING: [Synth 8-7129] Port din_data_6[7] in module util_rfifo is either unconnected or has no load
WARNING: [Synth 8-7129] Port din_data_6[6] in module util_rfifo is either unconnected or has no load
WARNING: [Synth 8-7129] Port din_data_6[5] in module util_rfifo is either unconnected or has no load
WARNING: [Synth 8-7129] Port din_data_6[4] in module util_rfifo is either unconnected or has no load
WARNING: [Synth 8-7129] Port din_data_6[3] in module util_rfifo is either unconnected or has no load
WARNING: [Synth 8-7129] Port din_data_6[2] in module util_rfifo is either unconnected or has no load
WARNING: [Synth 8-7129] Port din_data_6[1] in module util_rfifo is either unconnected or has no load
WARNING: [Synth 8-7129] Port din_data_6[0] in module util_rfifo is either unconnected or has no load
WARNING: [Synth 8-7129] Port din_valid_in_7 in module util_rfifo is either unconnected or has no load
WARNING: [Synth 8-7129] Port din_data_7[15] in module util_rfifo is either unconnected or has no load
WARNING: [Synth 8-7129] Port din_data_7[14] in module util_rfifo is either unconnected or has no load
WARNING: [Synth 8-7129] Port din_data_7[13] in module util_rfifo is either unconnected or has no load
WARNING: [Synth 8-7129] Port din_data_7[12] in module util_rfifo is either unconnected or has no load
WARNING: [Synth 8-7129] Port din_data_7[11] in module util_rfifo is either unconnected or has no load
WARNING: [Synth 8-7129] Port din_data_7[10] in module util_rfifo is either unconnected or has no load
WARNING: [Synth 8-7129] Port din_data_7[9] in module util_rfifo is either unconnected or has no load
WARNING: [Synth 8-7129] Port din_data_7[8] in module util_rfifo is either unconnected or has no load
WARNING: [Synth 8-7129] Port din_data_7[7] in module util_rfifo is either unconnected or has no load
WARNING: [Synth 8-7129] Port din_data_7[6] in module util_rfifo is either unconnected or has no load
WARNING: [Synth 8-7129] Port din_data_7[5] in module util_rfifo is either unconnected or has no load
WARNING: [Synth 8-7129] Port din_data_7[4] in module util_rfifo is either unconnected or has no load
WARNING: [Synth 8-7129] Port din_data_7[3] in module util_rfifo is either unconnected or has no load
WARNING: [Synth 8-7129] Port din_data_7[2] in module util_rfifo is either unconnected or has no load
WARNING: [Synth 8-7129] Port din_data_7[1] in module util_rfifo is either unconnected or has no load
WARNING: [Synth 8-7129] Port din_data_7[0] in module util_rfifo is either unconnected or has no load
---------------------------------------------------------------------------------
Finished RTL Elaboration : Time (s): cpu = 00:00:03 ; elapsed = 00:00:06 . Memory (MB): peak = 2525.492 ; gain = 444.637 ; free physical = 535 ; free virtual = 2925
Synthesis current peak Physical Memory [PSS] (MB): peak = 1686.481; parent = 1570.025; children = 212.923
Synthesis current peak Virtual Memory [VSS] (MB): peak = 3468.504; parent = 2525.496; children = 943.008
---------------------------------------------------------------------------------
---------------------------------------------------------------------------------
Start Handling Custom Attributes
---------------------------------------------------------------------------------
---------------------------------------------------------------------------------
Finished Handling Custom Attributes : Time (s): cpu = 00:00:04 ; elapsed = 00:00:06 . Memory (MB): peak = 2543.305 ; gain = 462.449 ; free physical = 569 ; free virtual = 2959
Synthesis current peak Physical Memory [PSS] (MB): peak = 1686.481; parent = 1570.025; children = 212.923
Synthesis current peak Virtual Memory [VSS] (MB): peak = 3486.316; parent = 2543.309; children = 943.008
---------------------------------------------------------------------------------
---------------------------------------------------------------------------------
Finished RTL Optimization Phase 1 : Time (s): cpu = 00:00:04 ; elapsed = 00:00:06 . Memory (MB): peak = 2543.305 ; gain = 462.449 ; free physical = 565 ; free virtual = 2955
Synthesis current peak Physical Memory [PSS] (MB): peak = 1686.481; parent = 1570.025; children = 212.923
Synthesis current peak Virtual Memory [VSS] (MB): peak = 3486.316; parent = 2543.309; children = 943.008
---------------------------------------------------------------------------------
Netlist sorting complete. Time (s): cpu = 00:00:00 ; elapsed = 00:00:00 . Memory (MB): peak = 2543.305 ; gain = 0.000 ; free physical = 510 ; free virtual = 2900
INFO: [Project 1-570] Preparing netlist for logic optimization

Processing XDC Constraints
Initializing timing engine
Parsing XDC File [/home/lc35648/hdl/projects/fmcomms2/zed/fmcomms2_zed.gen/sources_1/bd/system/ip/system_axi_ad9361_dac_fifo_0/util_rfifo_constr.xdc] for cell 'inst'
Finished Parsing XDC File [/home/lc35648/hdl/projects/fmcomms2/zed/fmcomms2_zed.gen/sources_1/bd/system/ip/system_axi_ad9361_dac_fifo_0/util_rfifo_constr.xdc] for cell 'inst'
Parsing XDC File [/home/lc35648/hdl/projects/fmcomms2/zed/fmcomms2_zed.runs/system_axi_ad9361_dac_fifo_0_synth_1/dont_touch.xdc]
Finished Parsing XDC File [/home/lc35648/hdl/projects/fmcomms2/zed/fmcomms2_zed.runs/system_axi_ad9361_dac_fifo_0_synth_1/dont_touch.xdc]
Completed Processing XDC Constraints

Netlist sorting complete. Time (s): cpu = 00:00:00 ; elapsed = 00:00:00 . Memory (MB): peak = 2673.039 ; gain = 0.000 ; free physical = 407 ; free virtual = 2803
INFO: [Project 1-111] Unisim Transformation Summary:
No Unisim elements were transformed.

Constraint Validation Runtime : Time (s): cpu = 00:00:00.01 ; elapsed = 00:00:00 . Memory (MB): peak = 2673.039 ; gain = 0.000 ; free physical = 405 ; free virtual = 2802
INFO: [Designutils 20-5008] Incremental synthesis strategy off
INFO: [Synth 8-11241] undeclared symbol 'REGCCE', assumed default net type 'wire' [/tools/Xilinx/Vivado/2022.2/data/verilog/src/unimacro/BRAM_SINGLE_MACRO.v:2170]
---------------------------------------------------------------------------------
Finished Constraint Validation : Time (s): cpu = 00:00:07 ; elapsed = 00:00:11 . Memory (MB): peak = 2673.039 ; gain = 592.184 ; free physical = 167 ; free virtual = 2518
Synthesis current peak Physical Memory [PSS] (MB): peak = 1720.938; parent = 1574.867; children = 212.923
Synthesis current peak Virtual Memory [VSS] (MB): peak = 3676.535; parent = 2673.043; children = 1003.492
---------------------------------------------------------------------------------
---------------------------------------------------------------------------------
Start Loading Part and Timing Information
---------------------------------------------------------------------------------
Loading part: xc7z020clg484-1
---------------------------------------------------------------------------------
Finished Loading Part and Timing Information : Time (s): cpu = 00:00:07 ; elapsed = 00:00:11 . Memory (MB): peak = 2673.039 ; gain = 592.184 ; free physical = 160 ; free virtual = 2511
Synthesis current peak Physical Memory [PSS] (MB): peak = 1720.938; parent = 1574.867; children = 212.923
Synthesis current peak Virtual Memory [VSS] (MB): peak = 3676.535; parent = 2673.043; children = 1003.492
---------------------------------------------------------------------------------
---------------------------------------------------------------------------------
Start Applying 'set_property' XDC Constraints
---------------------------------------------------------------------------------
Applied set_property ASYNC_REG = true for inst/din_enable_m1_reg. (constraint file  /home/lc35648/hdl/projects/fmcomms2/zed/fmcomms2_zed.gen/sources_1/bd/system/ip/system_axi_ad9361_dac_fifo_0/util_rfifo_constr.xdc, line 2).
Applied set_property ASYNC_REG = true for inst/din_enable_m1_reg. (constraint file  /home/lc35648/hdl/projects/fmcomms2/zed/fmcomms2_zed.gen/sources_1/bd/system/ip/system_axi_ad9361_dac_fifo_0/util_rfifo_constr.xdc, line 2).
Applied set_property ASYNC_REG = true for inst/din_enable_m1_reg. (constraint file  /home/lc35648/hdl/projects/fmcomms2/zed/fmcomms2_zed.gen/sources_1/bd/system/ip/system_axi_ad9361_dac_fifo_0/util_rfifo_constr.xdc, line 2).
Applied set_property ASYNC_REG = true for inst/din_enable_m1_reg. (constraint file  /home/lc35648/hdl/projects/fmcomms2/zed/fmcomms2_zed.gen/sources_1/bd/system/ip/system_axi_ad9361_dac_fifo_0/util_rfifo_constr.xdc, line 2).
Applied set_property ASYNC_REG = true for inst/din_enable_m1_reg. (constraint file  /home/lc35648/hdl/projects/fmcomms2/zed/fmcomms2_zed.gen/sources_1/bd/system/ip/system_axi_ad9361_dac_fifo_0/util_rfifo_constr.xdc, line 2).
Applied set_property ASYNC_REG = true for inst/din_enable_m1_reg. (constraint file  /home/lc35648/hdl/projects/fmcomms2/zed/fmcomms2_zed.gen/sources_1/bd/system/ip/system_axi_ad9361_dac_fifo_0/util_rfifo_constr.xdc, line 2).
Applied set_property ASYNC_REG = true for inst/din_enable_m1_reg. (constraint file  /home/lc35648/hdl/projects/fmcomms2/zed/fmcomms2_zed.gen/sources_1/bd/system/ip/system_axi_ad9361_dac_fifo_0/util_rfifo_constr.xdc, line 2).
Applied set_property ASYNC_REG = true for inst/din_enable_m1_reg. (constraint file  /home/lc35648/hdl/projects/fmcomms2/zed/fmcomms2_zed.gen/sources_1/bd/system/ip/system_axi_ad9361_dac_fifo_0/util_rfifo_constr.xdc, line 2).
Applied set_property ASYNC_REG = true for inst/din_req_t_m1_reg. (constraint file  /home/lc35648/hdl/projects/fmcomms2/zed/fmcomms2_zed.gen/sources_1/bd/system/ip/system_axi_ad9361_dac_fifo_0/util_rfifo_constr.xdc, line 3).
Applied set_property ASYNC_REG = true for inst/din_req_t_m2_reg. (constraint file  /home/lc35648/hdl/projects/fmcomms2/zed/fmcomms2_zed.gen/sources_1/bd/system/ip/system_axi_ad9361_dac_fifo_0/util_rfifo_constr.xdc, line 3).
Applied set_property ASYNC_REG = true for inst/din_req_t_m3_reg. (constraint file  /home/lc35648/hdl/projects/fmcomms2/zed/fmcomms2_zed.gen/sources_1/bd/system/ip/system_axi_ad9361_dac_fifo_0/util_rfifo_constr.xdc, line 3).
Applied set_property ASYNC_REG = true for inst/dout_unf_m1_reg. (constraint file  /home/lc35648/hdl/projects/fmcomms2/zed/fmcomms2_zed.gen/sources_1/bd/system/ip/system_axi_ad9361_dac_fifo_0/util_rfifo_constr.xdc, line 4).
Applied set_property KEEP_HIERARCHY = SOFT for inst. (constraint file  /home/lc35648/hdl/projects/fmcomms2/zed/fmcomms2_zed.runs/system_axi_ad9361_dac_fifo_0_synth_1/dont_touch.xdc, line 9).
---------------------------------------------------------------------------------
Finished applying 'set_property' XDC Constraints : Time (s): cpu = 00:00:07 ; elapsed = 00:00:11 . Memory (MB): peak = 2673.039 ; gain = 592.184 ; free physical = 144 ; free virtual = 2495
Synthesis current peak Physical Memory [PSS] (MB): peak = 1720.938; parent = 1574.867; children = 212.923
Synthesis current peak Virtual Memory [VSS] (MB): peak = 3676.535; parent = 2673.043; children = 1003.492
---------------------------------------------------------------------------------
---------------------------------------------------------------------------------
Finished RTL Optimization Phase 2 : Time (s): cpu = 00:00:08 ; elapsed = 00:00:12 . Memory (MB): peak = 2673.039 ; gain = 592.184 ; free physical = 126 ; free virtual = 2436
Synthesis current peak Physical Memory [PSS] (MB): peak = 1720.938; parent = 1574.867; children = 212.923
Synthesis current peak Virtual Memory [VSS] (MB): peak = 3676.535; parent = 2673.043; children = 1003.492
---------------------------------------------------------------------------------
---------------------------------------------------------------------------------
Start RTL Component Statistics 
---------------------------------------------------------------------------------
Detailed RTL Component Info : 
+---Adders : 
	   2 Input    7 Bit       Adders := 1     
	   2 Input    5 Bit       Adders := 2     
+---XORs : 
	   2 Input      1 Bit         XORs := 1     
+---Registers : 
	               64 Bit    Registers := 2     
	               16 Bit    Registers := 8     
	                8 Bit    Registers := 4     
	                7 Bit    Registers := 1     
	                5 Bit    Registers := 2     
	                1 Bit    Registers := 12    
+---RAMs : 
	               2K Bit	(32 X 64 bit)          RAMs := 1     
+---Muxes : 
	   2 Input    7 Bit        Muxes := 1     
	   2 Input    5 Bit        Muxes := 1     
	   2 Input    1 Bit        Muxes := 5     
---------------------------------------------------------------------------------
Finished RTL Component Statistics 
---------------------------------------------------------------------------------
---------------------------------------------------------------------------------
Start Part Resource Summary
---------------------------------------------------------------------------------
Part Resources:
DSPs: 220 (col length:60)
BRAMs: 280 (col length: RAMB18 60 RAMB36 30)
---------------------------------------------------------------------------------
Finished Part Resource Summary
---------------------------------------------------------------------------------
---------------------------------------------------------------------------------
Start Cross Boundary and Area Optimization
---------------------------------------------------------------------------------
WARNING: [Synth 8-7080] Parallel synthesis criteria is not met
WARNING: [Synth 8-7129] Port din_valid_in_1 in module util_rfifo is either unconnected or has no load
WARNING: [Synth 8-7129] Port din_valid_in_2 in module util_rfifo is either unconnected or has no load
WARNING: [Synth 8-7129] Port din_valid_in_3 in module util_rfifo is either unconnected or has no load
WARNING: [Synth 8-7129] Port din_valid_in_4 in module util_rfifo is either unconnected or has no load
WARNING: [Synth 8-7129] Port din_data_4[15] in module util_rfifo is either unconnected or has no load
WARNING: [Synth 8-7129] Port din_data_4[14] in module util_rfifo is either unconnected or has no load
WARNING: [Synth 8-7129] Port din_data_4[13] in module util_rfifo is either unconnected or has no load
WARNING: [Synth 8-7129] Port din_data_4[12] in module util_rfifo is either unconnected or has no load
WARNING: [Synth 8-7129] Port din_data_4[11] in module util_rfifo is either unconnected or has no load
WARNING: [Synth 8-7129] Port din_data_4[10] in module util_rfifo is either unconnected or has no load
WARNING: [Synth 8-7129] Port din_data_4[9] in module util_rfifo is either unconnected or has no load
WARNING: [Synth 8-7129] Port din_data_4[8] in module util_rfifo is either unconnected or has no load
WARNING: [Synth 8-7129] Port din_data_4[7] in module util_rfifo is either unconnected or has no load
WARNING: [Synth 8-7129] Port din_data_4[6] in module util_rfifo is either unconnected or has no load
WARNING: [Synth 8-7129] Port din_data_4[5] in module util_rfifo is either unconnected or has no load
WARNING: [Synth 8-7129] Port din_data_4[4] in module util_rfifo is either unconnected or has no load
WARNING: [Synth 8-7129] Port din_data_4[3] in module util_rfifo is either unconnected or has no load
WARNING: [Synth 8-7129] Port din_data_4[2] in module util_rfifo is either unconnected or has no load
WARNING: [Synth 8-7129] Port din_data_4[1] in module util_rfifo is either unconnected or has no load
WARNING: [Synth 8-7129] Port din_data_4[0] in module util_rfifo is either unconnected or has no load
WARNING: [Synth 8-7129] Port din_valid_in_5 in module util_rfifo is either unconnected or has no load
WARNING: [Synth 8-7129] Port din_data_5[15] in module util_rfifo is either unconnected or has no load
WARNING: [Synth 8-7129] Port din_data_5[14] in module util_rfifo is either unconnected or has no load
WARNING: [Synth 8-7129] Port din_data_5[13] in module util_rfifo is either unconnected or has no load
WARNING: [Synth 8-7129] Port din_data_5[12] in module util_rfifo is either unconnected or has no load
WARNING: [Synth 8-7129] Port din_data_5[11] in module util_rfifo is either unconnected or has no load
WARNING: [Synth 8-7129] Port din_data_5[10] in module util_rfifo is either unconnected or has no load
WARNING: [Synth 8-7129] Port din_data_5[9] in module util_rfifo is either unconnected or has no load
WARNING: [Synth 8-7129] Port din_data_5[8] in module util_rfifo is either unconnected or has no load
WARNING: [Synth 8-7129] Port din_data_5[7] in module util_rfifo is either unconnected or has no load
WARNING: [Synth 8-7129] Port din_data_5[6] in module util_rfifo is either unconnected or has no load
WARNING: [Synth 8-7129] Port din_data_5[5] in module util_rfifo is either unconnected or has no load
WARNING: [Synth 8-7129] Port din_data_5[4] in module util_rfifo is either unconnected or has no load
WARNING: [Synth 8-7129] Port din_data_5[3] in module util_rfifo is either unconnected or has no load
WARNING: [Synth 8-7129] Port din_data_5[2] in module util_rfifo is either unconnected or has no load
WARNING: [Synth 8-7129] Port din_data_5[1] in module util_rfifo is either unconnected or has no load
WARNING: [Synth 8-7129] Port din_data_5[0] in module util_rfifo is either unconnected or has no load
WARNING: [Synth 8-7129] Port din_valid_in_6 in module util_rfifo is either unconnected or has no load
WARNING: [Synth 8-7129] Port din_data_6[15] in module util_rfifo is either unconnected or has no load
WARNING: [Synth 8-7129] Port din_data_6[14] in module util_rfifo is either unconnected or has no load
WARNING: [Synth 8-7129] Port din_data_6[13] in module util_rfifo is either unconnected or has no load
WARNING: [Synth 8-7129] Port din_data_6[12] in module util_rfifo is either unconnected or has no load
WARNING: [Synth 8-7129] Port din_data_6[11] in module util_rfifo is either unconnected or has no load
WARNING: [Synth 8-7129] Port din_data_6[10] in module util_rfifo is either unconnected or has no load
WARNING: [Synth 8-7129] Port din_data_6[9] in module util_rfifo is either unconnected or has no load
WARNING: [Synth 8-7129] Port din_data_6[8] in module util_rfifo is either unconnected or has no load
WARNING: [Synth 8-7129] Port din_data_6[7] in module util_rfifo is either unconnected or has no load
WARNING: [Synth 8-7129] Port din_data_6[6] in module util_rfifo is either unconnected or has no load
WARNING: [Synth 8-7129] Port din_data_6[5] in module util_rfifo is either unconnected or has no load
WARNING: [Synth 8-7129] Port din_data_6[4] in module util_rfifo is either unconnected or has no load
WARNING: [Synth 8-7129] Port din_data_6[3] in module util_rfifo is either unconnected or has no load
WARNING: [Synth 8-7129] Port din_data_6[2] in module util_rfifo is either unconnected or has no load
WARNING: [Synth 8-7129] Port din_data_6[1] in module util_rfifo is either unconnected or has no load
WARNING: [Synth 8-7129] Port din_data_6[0] in module util_rfifo is either unconnected or has no load
WARNING: [Synth 8-7129] Port din_valid_in_7 in module util_rfifo is either unconnected or has no load
WARNING: [Synth 8-7129] Port din_data_7[15] in module util_rfifo is either unconnected or has no load
WARNING: [Synth 8-7129] Port din_data_7[14] in module util_rfifo is either unconnected or has no load
WARNING: [Synth 8-7129] Port din_data_7[13] in module util_rfifo is either unconnected or has no load
WARNING: [Synth 8-7129] Port din_data_7[12] in module util_rfifo is either unconnected or has no load
WARNING: [Synth 8-7129] Port din_data_7[11] in module util_rfifo is either unconnected or has no load
WARNING: [Synth 8-7129] Port din_data_7[10] in module util_rfifo is either unconnected or has no load
WARNING: [Synth 8-7129] Port din_data_7[9] in module util_rfifo is either unconnected or has no load
WARNING: [Synth 8-7129] Port din_data_7[8] in module util_rfifo is either unconnected or has no load
WARNING: [Synth 8-7129] Port din_data_7[7] in module util_rfifo is either unconnected or has no load
WARNING: [Synth 8-7129] Port din_data_7[6] in module util_rfifo is either unconnected or has no load
WARNING: [Synth 8-7129] Port din_data_7[5] in module util_rfifo is either unconnected or has no load
WARNING: [Synth 8-7129] Port din_data_7[4] in module util_rfifo is either unconnected or has no load
WARNING: [Synth 8-7129] Port din_data_7[3] in module util_rfifo is either unconnected or has no load
WARNING: [Synth 8-7129] Port din_data_7[2] in module util_rfifo is either unconnected or has no load
WARNING: [Synth 8-7129] Port din_data_7[1] in module util_rfifo is either unconnected or has no load
WARNING: [Synth 8-7129] Port din_data_7[0] in module util_rfifo is either unconnected or has no load
---------------------------------------------------------------------------------
Finished Cross Boundary and Area Optimization : Time (s): cpu = 00:00:08 ; elapsed = 00:00:13 . Memory (MB): peak = 2673.039 ; gain = 592.184 ; free physical = 141 ; free virtual = 2365
Synthesis current peak Physical Memory [PSS] (MB): peak = 1720.938; parent = 1574.867; children = 212.923
Synthesis current peak Virtual Memory [VSS] (MB): peak = 3676.535; parent = 2673.043; children = 1003.492
---------------------------------------------------------------------------------
---------------------------------------------------------------------------------
Start ROM, RAM, DSP, Shift Register and Retiming Reporting
---------------------------------------------------------------------------------

Block RAM: Preliminary Mapping Report (see note below)
+------------+-----------------+------------------------+---+---+------------------------+---+---+------------------+--------+--------+
|Module Name | RTL Object      | PORT A (Depth x Width) | W | R | PORT B (Depth x Width) | W | R | Ports driving FF | RAMB18 | RAMB36 | 
+------------+-----------------+------------------------+---+---+------------------------+---+---+------------------+--------+--------+
|inst        | i_mem/m_ram_reg | 32 x 64(NO_CHANGE)     | W |   | 32 x 64(WRITE_FIRST)   |   | R | Port A and B     | 0      | 1      | 
+------------+-----------------+------------------------+---+---+------------------------+---+---+------------------+--------+--------+

Note: The table above is a preliminary report that shows the Block RAMs at the current stage of the synthesis flow. Some Block RAMs may be reimplemented as non Block RAM primitives later in the synthesis flow. Multiple instantiated Block RAMs are reported only once. 
---------------------------------------------------------------------------------
Finished ROM, RAM, DSP, Shift Register and Retiming Reporting
---------------------------------------------------------------------------------
---------------------------------------------------------------------------------
Start Applying XDC Timing Constraints
---------------------------------------------------------------------------------
---------------------------------------------------------------------------------
Finished Applying XDC Timing Constraints : Time (s): cpu = 00:00:12 ; elapsed = 00:00:18 . Memory (MB): peak = 2673.039 ; gain = 592.184 ; free physical = 415 ; free virtual = 2451
Synthesis current peak Physical Memory [PSS] (MB): peak = 1780.413; parent = 1636.234; children = 212.923
Synthesis current peak Virtual Memory [VSS] (MB): peak = 3676.535; parent = 2673.043; children = 1003.492
---------------------------------------------------------------------------------
---------------------------------------------------------------------------------
Start Timing Optimization
---------------------------------------------------------------------------------
---------------------------------------------------------------------------------
Finished Timing Optimization : Time (s): cpu = 00:00:12 ; elapsed = 00:00:18 . Memory (MB): peak = 2673.039 ; gain = 592.184 ; free physical = 412 ; free virtual = 2449
Synthesis current peak Physical Memory [PSS] (MB): peak = 1780.617; parent = 1636.369; children = 212.923
Synthesis current peak Virtual Memory [VSS] (MB): peak = 3676.535; parent = 2673.043; children = 1003.492
---------------------------------------------------------------------------------
---------------------------------------------------------------------------------
Start ROM, RAM, DSP, Shift Register and Retiming Reporting
---------------------------------------------------------------------------------

Block RAM: Final Mapping Report
+------------+-----------------+------------------------+---+---+------------------------+---+---+------------------+--------+--------+
|Module Name | RTL Object      | PORT A (Depth x Width) | W | R | PORT B (Depth x Width) | W | R | Ports driving FF | RAMB18 | RAMB36 | 
+------------+-----------------+------------------------+---+---+------------------------+---+---+------------------+--------+--------+
|inst        | i_mem/m_ram_reg | 32 x 64(NO_CHANGE)     | W |   | 32 x 64(WRITE_FIRST)   |   | R | Port A and B     | 0      | 1      | 
+------------+-----------------+------------------------+---+---+------------------------+---+---+------------------+--------+--------+

---------------------------------------------------------------------------------
Finished ROM, RAM, DSP, Shift Register and Retiming Reporting
---------------------------------------------------------------------------------
---------------------------------------------------------------------------------
Start Technology Mapping
---------------------------------------------------------------------------------
---------------------------------------------------------------------------------
Finished Technology Mapping : Time (s): cpu = 00:00:12 ; elapsed = 00:00:18 . Memory (MB): peak = 2673.039 ; gain = 592.184 ; free physical = 379 ; free virtual = 2411
Synthesis current peak Physical Memory [PSS] (MB): peak = 1781.701; parent = 1637.453; children = 212.923
Synthesis current peak Virtual Memory [VSS] (MB): peak = 3676.535; parent = 2673.043; children = 1003.492
---------------------------------------------------------------------------------
---------------------------------------------------------------------------------
Start IO Insertion
---------------------------------------------------------------------------------
---------------------------------------------------------------------------------
Start Flattening Before IO Insertion
---------------------------------------------------------------------------------
---------------------------------------------------------------------------------
Finished Flattening Before IO Insertion
---------------------------------------------------------------------------------
---------------------------------------------------------------------------------
Start Final Netlist Cleanup
---------------------------------------------------------------------------------
---------------------------------------------------------------------------------
Finished Final Netlist Cleanup
---------------------------------------------------------------------------------
---------------------------------------------------------------------------------
Finished IO Insertion : Time (s): cpu = 00:00:14 ; elapsed = 00:00:20 . Memory (MB): peak = 2673.039 ; gain = 592.184 ; free physical = 295 ; free virtual = 2332
Synthesis current peak Physical Memory [PSS] (MB): peak = 1782.076; parent = 1637.828; children = 212.923
Synthesis current peak Virtual Memory [VSS] (MB): peak = 3676.535; parent = 2673.043; children = 1003.492
---------------------------------------------------------------------------------
---------------------------------------------------------------------------------
Start Renaming Generated Instances
---------------------------------------------------------------------------------
---------------------------------------------------------------------------------
Finished Renaming Generated Instances : Time (s): cpu = 00:00:14 ; elapsed = 00:00:20 . Memory (MB): peak = 2673.039 ; gain = 592.184 ; free physical = 287 ; free virtual = 2324
Synthesis current peak Physical Memory [PSS] (MB): peak = 1782.102; parent = 1637.854; children = 212.923
Synthesis current peak Virtual Memory [VSS] (MB): peak = 3676.535; parent = 2673.043; children = 1003.492
---------------------------------------------------------------------------------
---------------------------------------------------------------------------------
Start Rebuilding User Hierarchy
---------------------------------------------------------------------------------
---------------------------------------------------------------------------------
Finished Rebuilding User Hierarchy : Time (s): cpu = 00:00:14 ; elapsed = 00:00:20 . Memory (MB): peak = 2673.039 ; gain = 592.184 ; free physical = 287 ; free virtual = 2323
Synthesis current peak Physical Memory [PSS] (MB): peak = 1782.148; parent = 1637.900; children = 212.923
Synthesis current peak Virtual Memory [VSS] (MB): peak = 3676.535; parent = 2673.043; children = 1003.492
---------------------------------------------------------------------------------
---------------------------------------------------------------------------------
Start Renaming Generated Ports
---------------------------------------------------------------------------------
---------------------------------------------------------------------------------
Finished Renaming Generated Ports : Time (s): cpu = 00:00:14 ; elapsed = 00:00:20 . Memory (MB): peak = 2673.039 ; gain = 592.184 ; free physical = 280 ; free virtual = 2317
Synthesis current peak Physical Memory [PSS] (MB): peak = 1782.195; parent = 1637.947; children = 212.923
Synthesis current peak Virtual Memory [VSS] (MB): peak = 3676.535; parent = 2673.043; children = 1003.492
---------------------------------------------------------------------------------
---------------------------------------------------------------------------------
Start Handling Custom Attributes
---------------------------------------------------------------------------------
---------------------------------------------------------------------------------
Finished Handling Custom Attributes : Time (s): cpu = 00:00:14 ; elapsed = 00:00:20 . Memory (MB): peak = 2673.039 ; gain = 592.184 ; free physical = 272 ; free virtual = 2309
Synthesis current peak Physical Memory [PSS] (MB): peak = 1782.235; parent = 1637.987; children = 212.923
Synthesis current peak Virtual Memory [VSS] (MB): peak = 3676.535; parent = 2673.043; children = 1003.492
---------------------------------------------------------------------------------
---------------------------------------------------------------------------------
Start Renaming Generated Nets
---------------------------------------------------------------------------------
---------------------------------------------------------------------------------
Finished Renaming Generated Nets : Time (s): cpu = 00:00:14 ; elapsed = 00:00:20 . Memory (MB): peak = 2673.039 ; gain = 592.184 ; free physical = 264 ; free virtual = 2301
Synthesis current peak Physical Memory [PSS] (MB): peak = 1782.267; parent = 1638.019; children = 212.923
Synthesis current peak Virtual Memory [VSS] (MB): peak = 3676.535; parent = 2673.043; children = 1003.492
---------------------------------------------------------------------------------
---------------------------------------------------------------------------------
Start Writing Synthesis Report
---------------------------------------------------------------------------------

Report BlackBoxes: 
+-+--------------+----------+
| |BlackBox name |Instances |
+-+--------------+----------+
+-+--------------+----------+

Report Cell Usage: 
+------+---------+------+
|      |Cell     |Count |
+------+---------+------+
|1     |LUT1     |     2|
|2     |LUT2     |     3|
|3     |LUT3     |     5|
|4     |LUT4     |     7|
|5     |LUT5     |     7|
|6     |LUT6     |     5|
|7     |RAMB36E1 |     1|
|8     |FDCE     |    26|
|9     |FDPE     |     2|
|10    |FDRE     |   145|
+------+---------+------+
---------------------------------------------------------------------------------
Finished Writing Synthesis Report : Time (s): cpu = 00:00:14 ; elapsed = 00:00:20 . Memory (MB): peak = 2673.039 ; gain = 592.184 ; free physical = 256 ; free virtual = 2293
Synthesis current peak Physical Memory [PSS] (MB): peak = 1782.282; parent = 1638.034; children = 212.923
Synthesis current peak Virtual Memory [VSS] (MB): peak = 3676.535; parent = 2673.043; children = 1003.492
---------------------------------------------------------------------------------
Synthesis finished with 0 errors, 0 critical warnings and 72 warnings.
Synthesis Optimization Runtime : Time (s): cpu = 00:00:13 ; elapsed = 00:00:18 . Memory (MB): peak = 2673.039 ; gain = 462.449 ; free physical = 300 ; free virtual = 2337
Synthesis Optimization Complete : Time (s): cpu = 00:00:14 ; elapsed = 00:00:20 . Memory (MB): peak = 2673.047 ; gain = 592.184 ; free physical = 299 ; free virtual = 2336
INFO: [Project 1-571] Translating synthesized netlist
Netlist sorting complete. Time (s): cpu = 00:00:00 ; elapsed = 00:00:00 . Memory (MB): peak = 2673.047 ; gain = 0.000 ; free physical = 410 ; free virtual = 2448
INFO: [Netlist 29-17] Analyzing 1 Unisim elements for replacement
INFO: [Netlist 29-28] Unisim Transformation completed in 0 CPU seconds
INFO: [Project 1-570] Preparing netlist for logic optimization
INFO: [Opt 31-138] Pushed 0 inverter(s) to 0 load pin(s).
Netlist sorting complete. Time (s): cpu = 00:00:00 ; elapsed = 00:00:00 . Memory (MB): peak = 2673.047 ; gain = 0.000 ; free physical = 365 ; free virtual = 2405
INFO: [Project 1-111] Unisim Transformation Summary:
No Unisim elements were transformed.

Synth Design complete, checksum: 50a740f8
INFO: [Common 17-83] Releasing license: Synthesis
27 Infos, 143 Warnings, 0 Critical Warnings and 0 Errors encountered.
synth_design completed successfully
synth_design: Time (s): cpu = 00:00:19 ; elapsed = 00:00:24 . Memory (MB): peak = 2673.047 ; gain = 922.754 ; free physical = 536 ; free virtual = 2575
INFO: [Common 17-1381] The checkpoint '/home/lc35648/hdl/projects/fmcomms2/zed/fmcomms2_zed.runs/system_axi_ad9361_dac_fifo_0_synth_1/system_axi_ad9361_dac_fifo_0.dcp' has been generated.
INFO: [Coretcl 2-1648] Added synthesis output to IP cache for IP system_axi_ad9361_dac_fifo_0, cache-ID = 01c507a17ff50f80
INFO: [Coretcl 2-1174] Renamed 2 cell refs.
INFO: [Common 17-1381] The checkpoint '/home/lc35648/hdl/projects/fmcomms2/zed/fmcomms2_zed.runs/system_axi_ad9361_dac_fifo_0_synth_1/system_axi_ad9361_dac_fifo_0.dcp' has been generated.
INFO: [runtcl-4] Executing : report_utilization -file system_axi_ad9361_dac_fifo_0_utilization_synth.rpt -pb system_axi_ad9361_dac_fifo_0_utilization_synth.pb
INFO: [Common 17-206] Exiting Vivado at Wed May 28 14:01:26 2025...
